
  .   ____          _            __ _ _
 /\\ / ___'_ __ _ _(_)_ __  __ _ \ \ \ \
( ( )\___ | '_ | '_| | '_ \/ _` | \ \ \ \
 \\/  ___)| |_)| | | | | || (_| |  ) ) ) )
  '  |____| .__|_| |_|_| |_\__, | / / / /
 =========|_|==============|___/=/_/_/_/

 :: Spring Boot ::                (v3.3.5)

2026-03-09T00:32:42.315+08:00  INFO 32000 --- [postgres-demo] [           main] c.t.backend_demo.BackendDemoApplication  : Starting BackendDemoApplication v0.0.1-SNAPSHOT using Java 21.0.7 with PID 32000 (C:\Users\iamxi\Desktop\PROJECT\backend_demo\build\libs\backend_demo-0.0.1-SNAPSHOT.jar started by iamxi in C:\Users\iamxi\Desktop\PROJECT\backend_demo)
2026-03-09T00:32:42.319+08:00  INFO 32000 --- [postgres-demo] [           main] c.t.backend_demo.BackendDemoApplication  : No active profile set, falling back to 1 default profile: "default"
2026-03-09T00:32:44.941+08:00  INFO 32000 --- [postgres-demo] [           main] o.s.b.w.embedded.tomcat.TomcatWebServer  : Tomcat initialized with port 8080 (http)
2026-03-09T00:32:44.950+08:00  INFO 32000 --- [postgres-demo] [           main] o.a.catalina.core.AprLifecycleListener   : An older version [1.3.1] of the Apache Tomcat Native library is installed, while Tomcat recommends a minimum version of [2.0.5]
2026-03-09T00:32:44.950+08:00  INFO 32000 --- [postgres-demo] [           main] o.a.catalina.core.AprLifecycleListener   : Loaded Apache Tomcat Native library [1.3.1] using APR version [1.7.4].
2026-03-09T00:32:44.956+08:00  INFO 32000 --- [postgres-demo] [           main] o.a.catalina.core.AprLifecycleListener   : OpenSSL successfully initialized [OpenSSL 3.0.14 4 Jun 2024]
2026-03-09T00:32:44.978+08:00  INFO 32000 --- [postgres-demo] [           main] o.apache.catalina.core.StandardService   : Starting service [Tomcat]
2026-03-09T00:32:44.978+08:00  INFO 32000 --- [postgres-demo] [           main] o.apache.catalina.core.StandardEngine    : Starting Servlet engine: [Apache Tomcat/10.1.31]
2026-03-09T00:32:45.087+08:00  INFO 32000 --- [postgres-demo] [           main] o.a.c.c.C.[Tomcat].[localhost].[/]       : Initializing Spring embedded WebApplicationContext
2026-03-09T00:32:45.088+08:00  INFO 32000 --- [postgres-demo] [           main] w.s.c.ServletWebServerApplicationContext : Root WebApplicationContext: initialization completed in 2672 ms
Logging initialized using 'class org.apache.ibatis.logging.stdout.StdOutImpl' adapter.
Get /192.168.2.5 network interface 
Get network interface info: name:wireless_32768 (Intel(R) Wi-Fi 6 AX200 160MHz)
Initialization Sequence datacenterId:3 workerId:30
 _ _   |_  _ _|_. ___ _ |    _ 
| | |\/|_)(_| | |_\  |_)||_|_\ 
     /               |         
                        3.5.15 
Can not find table primary key in Class: "com.taco.backend_demo.entity.PasswordEntity".
2026-03-09T00:32:45.455+08:00  WARN 32000 --- [postgres-demo] [           main] c.b.m.core.injector.DefaultSqlInjector   : class com.taco.backend_demo.entity.PasswordEntity ,Not found @TableId annotation, Cannot use Mybatis-Plus 'xxById' Method.
Can not find table primary key in Class: "com.taco.backend_demo.entity.TokenEntity".
2026-03-09T00:32:45.784+08:00  WARN 32000 --- [postgres-demo] [           main] c.b.m.core.injector.DefaultSqlInjector   : class com.taco.backend_demo.entity.TokenEntity ,Not found @TableId annotation, Cannot use Mybatis-Plus 'xxById' Method.
2026-03-09T00:32:46.056+08:00  INFO 32000 --- [postgres-demo] [           main] eAuthenticationProviderManagerConfigurer : Global AuthenticationManager configured with AuthenticationProvider bean with name customAuthenticationProvider
2026-03-09T00:32:46.057+08:00  WARN 32000 --- [postgres-demo] [           main] r$InitializeUserDetailsManagerConfigurer : Global AuthenticationManager configured with an AuthenticationProvider bean. UserDetailsService beans will not be used for username/password login. Consider removing the AuthenticationProvider bean. Alternatively, consider using the UserDetailsService in a manually instantiated DaoAuthenticationProvider.
2026-03-09T00:32:46.715+08:00  INFO 32000 --- [postgres-demo] [           main] m.e.s.MybatisPlusApplicationContextAware : Register ApplicationContext instances org.springframework.boot.web.servlet.context.AnnotationConfigServletWebServerApplicationContext@3da30852
Can not find table primary key in Class: "com.taco.backend_demo.entity.BusinessEntity".
2026-03-09T00:32:46.905+08:00  WARN 32000 --- [postgres-demo] [           main] c.b.m.core.injector.DefaultSqlInjector   : class com.taco.backend_demo.entity.BusinessEntity ,Not found @TableId annotation, Cannot use Mybatis-Plus 'xxById' Method.
Can not find table primary key in Class: "com.taco.backend_demo.entity.BusinessUserEntity".
2026-03-09T00:32:46.929+08:00  WARN 32000 --- [postgres-demo] [           main] c.b.m.core.injector.DefaultSqlInjector   : class com.taco.backend_demo.entity.BusinessUserEntity ,Not found @TableId annotation, Cannot use Mybatis-Plus 'xxById' Method.
Can not find table primary key in Class: "com.taco.backend_demo.entity.CorporationEntity".
2026-03-09T00:32:46.949+08:00  WARN 32000 --- [postgres-demo] [           main] c.b.m.core.injector.DefaultSqlInjector   : class com.taco.backend_demo.entity.CorporationEntity ,Not found @TableId annotation, Cannot use Mybatis-Plus 'xxById' Method.
Can not find table primary key in Class: "com.taco.backend_demo.entity.LocationEntity".
2026-03-09T00:32:46.967+08:00  WARN 32000 --- [postgres-demo] [           main] c.b.m.core.injector.DefaultSqlInjector   : class com.taco.backend_demo.entity.LocationEntity ,Not found @TableId annotation, Cannot use Mybatis-Plus 'xxById' Method.
Can not find table primary key in Class: "com.taco.backend_demo.entity.StaffUserEntity".
2026-03-09T00:32:46.987+08:00  WARN 32000 --- [postgres-demo] [           main] c.b.m.core.injector.DefaultSqlInjector   : class com.taco.backend_demo.entity.StaffUserEntity ,Not found @TableId annotation, Cannot use Mybatis-Plus 'xxById' Method.
2026-03-09T00:32:47.073+08:00  INFO 32000 --- [postgres-demo] [           main] o.s.b.w.embedded.tomcat.TomcatWebServer  : Tomcat started on port 8080 (http) with context path '/'
2026-03-09T00:32:47.089+08:00  INFO 32000 --- [postgres-demo] [           main] c.t.backend_demo.BackendDemoApplication  : Started BackendDemoApplication in 5.672 seconds (process running for 6.502)
2026-03-09T00:32:47.824+08:00  INFO 32000 --- [postgres-demo] [nio-8080-exec-1] o.a.c.c.C.[Tomcat].[localhost].[/]       : Initializing Spring DispatcherServlet 'dispatcherServlet'
2026-03-09T00:32:47.824+08:00  INFO 32000 --- [postgres-demo] [nio-8080-exec-1] o.s.web.servlet.DispatcherServlet        : Initializing Servlet 'dispatcherServlet'
2026-03-09T00:32:47.826+08:00  INFO 32000 --- [postgres-demo] [nio-8080-exec-1] o.s.web.servlet.DispatcherServlet        : Completed initialization in 2 ms
2026-03-09T00:32:55.941+08:00 ERROR 32000 --- [postgres-demo] [nio-8080-exec-2] c.t.b.c.e.GlobalExceptionHandler         : 参数验证失败：Validation failed for argument [0] in public org.springframework.http.ResponseEntity<com.taco.backend_demo.common.response.Response<com.taco.backend_demo.dto.LoginResponse>> com.taco.backend_demo.controller.AuthController.login(com.taco.backend_demo.dto.LoginRequest,jakarta.servlet.http.HttpServletRequest,jakarta.servlet.http.HttpServletResponse): [Field error in object 'loginRequest' on field 'password': rejected value [test]; codes [PasswordStrength.loginRequest.password,PasswordStrength.password,PasswordStrength.java.lang.String,PasswordStrength]; arguments [org.springframework.context.support.DefaultMessageSourceResolvable: codes [loginRequest.password,password]; arguments []; default message [password],MEDIUM]; default message [E016]] 
